# JRE version: OpenJDK Runtime Environment Temurin-11.0.19+7 (11.0.19+7) (build 11.0.19+7)
# Java VM: OpenJDK 64-Bit Server VM Temurin-11.0.19+7 (11.0.19+7, mixed mode, tiered, compressed oops, g1 gc, windows-amd64)
Heap:
 garbage-first heap   total 63488K, used 20695K [0x00000000e0000000, 0x0000000100000000)
  region size 1024K, 3 young (3072K), 3 survivors (3072K)
 Metaspace       used 34786K, capacity 35789K, committed 35840K, reserved 1083392K
  class space    used 4069K, capacity 4449K, committed 4480K, reserved 1048576K
GC Heap History (18 events):
Event: 7.840 GC heap before
{Heap before GC invocations=0 (full 0):
 garbage-first heap   total 63488K, used 6144K [0x00000000e0000000, 0x0000000100000000)
  region size 1024K, 7 young (7168K), 0 survivors (0K)
 Metaspace       used 8218K, capacity 8380K, committed 8576K, reserved 1056768K
  class space    used 776K, capacity 854K, committed 896K, reserved 1048576K
}
Event: 7.848 GC heap after
{Heap after GC invocations=1 (full 0):
 garbage-first heap   total 63488K, used 2935K [0x00000000e0000000, 0x0000000100000000)
  region size 1024K, 1 young (1024K), 1 survivors (1024K)
 Metaspace       used 8218K, capacity 8380K, committed 8576K, reserved 1056768K
  class space    used 776K, capacity 854K, committed 896K, reserved 1048576K
}
Event: 8.108 GC heap before
{Heap before GC invocations=1 (full 0):
 garbage-first heap   total 63488K, used 7031K [0x00000000e0000000, 0x0000000100000000)
  region size 1024K, 6 young (6144K), 1 survivors (1024K)
 Metaspace       used 8652K, capacity 8860K, committed 9088K, reserved 1056768K
  class space    used 810K, capacity 886K, committed 896K, reserved 1048576K
}
Event: 8.114 GC heap after
{Heap after GC invocations=2 (full 0):
 garbage-first heap   total 63488K, used 5834K [0x00000000e0000000, 0x0000000100000000)
  region size 1024K, 1 young (1024K), 1 survivors (1024K)
 Metaspace       used 8652K, capacity 8860K, committed 9088K, reserved 1056768K
  class space    used 810K, capacity 886K, committed 896K, reserved 1048576K
}
Event: 10.461 GC heap before
{Heap before GC invocations=2 (full 0):
 garbage-first heap   total 63488K, used 21194K [0x00000000e0000000, 0x0000000100000000)
  region size 1024K, 16 young (16384K), 1 survivors (1024K)
 Metaspace       used 14392K, capacity 14807K, committed 15104K, reserved 1062912K
  class space    used 1516K, capacity 1669K, committed 1792K, reserved 1048576K
}
Event: 10.468 GC heap after
{Heap after GC invocations=3 (full 0):
 garbage-first heap   total 63488K, used 7498K [0x00000000e0000000, 0x0000000100000000)
  region size 1024K, 2 young (2048K), 2 survivors (2048K)
 Metaspace       used 14392K, capacity 14807K, committed 15104K, reserved 1062912K
  class space    used 1516K, capacity 1669K, committed 1792K, reserved 1048576K
}
Event: 13.989 GC heap before
{Heap before GC invocations=3 (full 0):
 garbage-first heap   total 63488K, used 23882K [0x00000000e0000000, 0x0000000100000000)
  region size 1024K, 19 young (19456K), 2 survivors (2048K)
 Metaspace       used 19058K, capacity 19843K, committed 20096K, reserved 1067008K
  class space    used 2113K, capacity 2394K, committed 2432K, reserved 1048576K
}
Event: 13.999 GC heap after
{Heap after GC invocations=4 (full 0):
 garbage-first heap   total 63488K, used 8990K [0x00000000e0000000, 0x0000000100000000)
  region size 1024K, 3 young (3072K), 3 survivors (3072K)
 Metaspace       used 19058K, capacity 19843K, committed 20096K, reserved 1067008K
  class space    used 2113K, capacity 2394K, committed 2432K, reserved 1048576K
}
Event: 14.553 GC heap before
{Heap before GC invocations=4 (full 0):
 garbage-first heap   total 63488K, used 13086K [0x00000000e0000000, 0x0000000100000000)
  region size 1024K, 9 young (9216K), 3 survivors (3072K)
 Metaspace       used 20450K, capacity 21191K, committed 21248K, reserved 1069056K
  class space    used 2234K, capacity 2540K, committed 2560K, reserved 1048576K
}
Event: 14.571 GC heap after
{Heap after GC invocations=5 (full 0):
 garbage-first heap   total 63488K, used 10293K [0x00000000e0000000, 0x0000000100000000)
  region size 1024K, 3 young (3072K), 3 survivors (3072K)
 Metaspace       used 20450K, capacity 21191K, committed 21248K, reserved 1069056K
  class space    used 2234K, capacity 2540K, committed 2560K, reserved 1048576K
}
Event: 15.923 GC heap before
{Heap before GC invocations=6 (full 0):
 garbage-first heap   total 63488K, used 30773K [0x00000000e0000000, 0x0000000100000000)
  region size 1024K, 23 young (23552K), 3 survivors (3072K)
 Metaspace       used 22465K, capacity 23216K, committed 23296K, reserved 1069056K
  class space    used 2457K, capacity 2747K, committed 2816K, reserved 1048576K
}
Event: 15.937 GC heap after
{Heap after GC invocations=7 (full 0):
 garbage-first heap   total 63488K, used 12469K [0x00000000e0000000, 0x0000000100000000)
  region size 1024K, 3 young (3072K), 3 survivors (3072K)
 Metaspace       used 22465K, capacity 23216K, committed 23296K, reserved 1069056K
  class space    used 2457K, capacity 2747K, committed 2816K, reserved 1048576K
}
Event: 20.427 GC heap before
{Heap before GC invocations=7 (full 0):
 garbage-first heap   total 63488K, used 34997K [0x00000000e0000000, 0x0000000100000000)
  region size 1024K, 25 young (25600K), 3 survivors (3072K)
 Metaspace       used 27851K, capacity 28701K, committed 28928K, reserved 1075200K
  class space    used 3151K, capacity 3471K, committed 3584K, reserved 1048576K
}
Event: 20.437 GC heap after
{Heap after GC invocations=8 (full 0):
 garbage-first heap   total 63488K, used 14204K [0x00000000e0000000, 0x0000000100000000)
  region size 1024K, 4 young (4096K), 4 survivors (4096K)
 Metaspace       used 27851K, capacity 28701K, committed 28928K, reserved 1075200K
  class space    used 3151K, capacity 3471K, committed 3584K, reserved 1048576K
}
Event: 21.644 GC heap before
{Heap before GC invocations=8 (full 0):
 garbage-first heap   total 63488K, used 37756K [0x00000000e0000000, 0x0000000100000000)
  region size 1024K, 27 young (27648K), 4 survivors (4096K)
 Metaspace       used 31441K, capacity 32383K, committed 32512K, reserved 1077248K
  class space    used 3604K, capacity 3975K, committed 4096K, reserved 1048576K
}
Event: 21.655 GC heap after
{Heap after GC invocations=9 (full 0):
 garbage-first heap   total 63488K, used 15148K [0x00000000e0000000, 0x0000000100000000)
  region size 1024K, 3 young (3072K), 3 survivors (3072K)
 Metaspace       used 31441K, capacity 32383K, committed 32512K, reserved 1077248K
  class space    used 3604K, capacity 3975K, committed 4096K, reserved 1048576K
}
Event: 32.880 GC heap before
{Heap before GC invocations=9 (full 0):
 garbage-first heap   total 63488K, used 43820K [0x00000000e0000000, 0x0000000100000000)
  region size 1024K, 28 young (28672K), 3 survivors (3072K)
 Metaspace       used 34786K, capacity 35789K, committed 35840K, reserved 1081344K
  class space    used 4069K, capacity 4449K, committed 4480K, reserved 1048576K
}
Event: 32.889 GC heap after
{Heap after GC invocations=10 (full 0):
 garbage-first heap   total 63488K, used 20695K [0x00000000e0000000, 0x0000000100000000)
  region size 1024K, 3 young (3072K), 3 survivors (3072K)
 Metaspace       used 34786K, capacity 35789K, committed 35840K, reserved 1081344K
  class space    used 4069K, capacity 4449K, committed 4480K, reserved 1048576K
}

