# JRE version: OpenJDK Runtime Environment Temurin-11.0.19+7 (11.0.19+7) (build 11.0.19+7)
# Java VM: OpenJDK 64-Bit Server VM Temurin-11.0.19+7 (11.0.19+7, mixed mode, tiered, compressed oops, g1 gc, windows-amd64)
Heap:
 garbage-first heap   total 63488K, used 14029K [0x00000000e0000000, 0x0000000100000000)
  region size 1024K, 8 young (8192K), 3 survivors (3072K)
 Metaspace       used 20722K, capacity 21476K, committed 21632K, reserved 1077248K
  class space    used 2287K, capacity 2573K, committed 2688K, reserved 1048576K
GC Heap History (10 events):
Event: 3.137 GC heap before
{Heap before GC invocations=0 (full 0):
 garbage-first heap   total 63488K, used 6144K [0x00000000e0000000, 0x0000000100000000)
  region size 1024K, 7 young (7168K), 0 survivors (0K)
 Metaspace       used 8213K, capacity 8380K, committed 8576K, reserved 1056768K
  class space    used 776K, capacity 854K, committed 896K, reserved 1048576K
}
Event: 3.145 GC heap after
{Heap after GC invocations=1 (full 0):
 garbage-first heap   total 63488K, used 2948K [0x00000000e0000000, 0x0000000100000000)
  region size 1024K, 1 young (1024K), 1 survivors (1024K)
 Metaspace       used 8213K, capacity 8380K, committed 8576K, reserved 1056768K
  class space    used 776K, capacity 854K, committed 896K, reserved 1048576K
}
Event: 3.374 GC heap before
{Heap before GC invocations=1 (full 0):
 garbage-first heap   total 63488K, used 4996K [0x00000000e0000000, 0x0000000100000000)
  region size 1024K, 4 young (4096K), 1 survivors (1024K)
 Metaspace       used 8375K, capacity 8508K, committed 8576K, reserved 1056768K
  class space    used 783K, capacity 854K, committed 896K, reserved 1048576K
}
Event: 3.379 GC heap after
{Heap after GC invocations=2 (full 0):
 garbage-first heap   total 63488K, used 5192K [0x00000000e0000000, 0x0000000100000000)
  region size 1024K, 1 young (1024K), 1 survivors (1024K)
 Metaspace       used 8375K, capacity 8508K, committed 8576K, reserved 1056768K
  class space    used 783K, capacity 854K, committed 896K, reserved 1048576K
}
Event: 6.369 GC heap before
{Heap before GC invocations=2 (full 0):
 garbage-first heap   total 63488K, used 22600K [0x00000000e0000000, 0x0000000100000000)
  region size 1024K, 18 young (18432K), 1 survivors (1024K)
 Metaspace       used 14390K, capacity 14772K, committed 14976K, reserved 1067008K
  class space    used 1514K, capacity 1636K, committed 1664K, reserved 1048576K
}
Event: 6.376 GC heap after
{Heap after GC invocations=3 (full 0):
 garbage-first heap   total 63488K, used 7721K [0x00000000e0000000, 0x0000000100000000)
  region size 1024K, 3 young (3072K), 3 survivors (3072K)
 Metaspace       used 14390K, capacity 14772K, committed 14976K, reserved 1067008K
  class space    used 1514K, capacity 1636K, committed 1664K, reserved 1048576K
}
Event: 8.483 GC heap before
{Heap before GC invocations=3 (full 0):
 garbage-first heap   total 63488K, used 26153K [0x00000000e0000000, 0x0000000100000000)
  region size 1024K, 21 young (21504K), 3 survivors (3072K)
 Metaspace       used 18998K, capacity 19734K, committed 19840K, reserved 1071104K
  class space    used 2102K, capacity 2398K, committed 2432K, reserved 1048576K
}
Event: 8.493 GC heap after
{Heap after GC invocations=4 (full 0):
 garbage-first heap   total 63488K, used 9055K [0x00000000e0000000, 0x0000000100000000)
  region size 1024K, 2 young (2048K), 2 survivors (2048K)
 Metaspace       used 18998K, capacity 19734K, committed 19840K, reserved 1071104K
  class space    used 2102K, capacity 2398K, committed 2432K, reserved 1048576K
}
Event: 8.672 GC heap before
{Heap before GC invocations=4 (full 0):
 garbage-first heap   total 63488K, used 13151K [0x00000000e0000000, 0x0000000100000000)
  region size 1024K, 7 young (7168K), 2 survivors (2048K)
 Metaspace       used 19962K, capacity 20636K, committed 20736K, reserved 1077248K
  class space    used 2170K, capacity 2463K, committed 2560K, reserved 1048576K
}
Event: 8.682 GC heap after
{Heap after GC invocations=5 (full 0):
 garbage-first heap   total 63488K, used 9933K [0x00000000e0000000, 0x0000000100000000)
  region size 1024K, 3 young (3072K), 3 survivors (3072K)
 Metaspace       used 19962K, capacity 20636K, committed 20736K, reserved 1077248K
  class space    used 2170K, capacity 2463K, committed 2560K, reserved 1048576K
}

